<?xml version="1.0" encoding="UTF-8"?>
<!-- Generated by org.testng.reporters.JUnitXMLReporter -->
<testsuite ignored="1" hostname="blrstrhema-Latitude-5590" failures="0" tests="1" name="Default test(failed)" time="10.357" errors="0" timestamp="11 Sep 2020 11:41:42 GMT">
  <testcase classname="com.stackroute.qe.test.LoginPageTest" name="checkValidLogin" time="6.105"/>
  <testcase classname="com.stackroute.qe.test.LoginPageTest" name="checkInValidLogin" time="0.0">
    <ignored/>
  </testcase> <!-- checkInValidLogin -->
</testsuite> <!-- Default test(failed) -->
