<?xml version="1.0" encoding="UTF-8"?>
<!-- Generated by org.testng.reporters.JUnitXMLReporter -->
<testsuite ignored="0" hostname="blrstrhema-Latitude-5590" failures="0" tests="3" name="Test" time="32.487" errors="0" timestamp="11 Sep 2020 10:25:27 GMT">
  <testcase classname="com.stackroute.qe.test.LoginPageTest" name="checkInValidLogin" time="1.621"/>
  <testcase classname="com.stackroute.qe.test.HomePageTest" name="checkLogout" time="9.049"/>
  <testcase classname="com.stackroute.qe.test.LoginPageTest" name="checkValidLogin" time="7.493"/>
</testsuite> <!-- Test -->
