<?xml version="1.0" encoding="UTF-8"?>
<!-- Generated by org.testng.reporters.JUnitXMLReporter -->
<testsuite ignored="1" hostname="blrstrhema-Latitude-5590" failures="0" tests="2" name="Test(failed)" time="26.519" errors="0" timestamp="11 Sep 2020 10:19:41 GMT">
  <testcase classname="com.stackroute.qe.test.HomePageTest" name="checkLogout" time="9.618"/>
  <testcase classname="com.stackroute.qe.test.LoginPageTest" name="checkValidLogin" time="7.861"/>
  <testcase classname="com.stackroute.qe.test.LoginPageTest" name="checkInValidLogin" time="0.0">
    <ignored/>
  </testcase> <!-- checkInValidLogin -->
</testsuite> <!-- Test(failed) -->
