<?xml version="1.0" encoding="UTF-8"?>
<testng-results skipped="0" failed="0" ignored="0" total="1" passed="1">
  <reporter-output>
  </reporter-output>
  <suite name="Default suite" duration-ms="82110" started-at="2020-10-20T14:48:34 IST" finished-at="2020-10-20T14:49:56 IST">
    <groups>
    </groups>
    <test name="Default test" duration-ms="82110" started-at="2020-10-20T14:48:34 IST" finished-at="2020-10-20T14:49:56 IST">
      <class name="com.stackroute.qe.test.ShoppingPageTest">
        <test-method status="PASS" signature="initialize()[pri:0, instance:com.stackroute.qe.test.ShoppingPageTest@641147d0]" name="initialize" is-config="true" duration-ms="11521" started-at="2020-10-20T14:48:23 IST" finished-at="2020-10-20T14:48:34 IST">
          <reporter-output>
          </reporter-output>
        </test-method> <!-- initialize -->
        <test-method status="PASS" signature="init()[pri:0, instance:com.stackroute.qe.test.ShoppingPageTest@641147d0]" name="init" duration-ms="82056" started-at="2020-10-20T14:48:34 IST" finished-at="2020-10-20T14:49:56 IST">
          <reporter-output>
          </reporter-output>
        </test-method> <!-- init -->
      </class> <!-- com.stackroute.qe.test.ShoppingPageTest -->
    </test> <!-- Default test -->
  </suite> <!-- Default suite -->
</testng-results>
